{"level":"info","message":"Attempting to add domain:","name":"details.example.com","service":"cloud-router"}
{"error":"Failed to create hosted zone: Error: Failed to create hosted zone for details.example.com: ExpiredToken: The security token included in the request is expired","level":"error","message":"Failed to create hosted zone","name":"details.example.com","service":"cloud-router"}
{"level":"info","message":"Attempting to add domain:","name":"sync.example.com","service":"cloud-router"}
{"error":"Failed to create hosted zone: Error: Failed to create hosted zone for sync.example.com: ExpiredToken: The security token included in the request is expired","level":"error","message":"Failed to create hosted zone","name":"sync.example.com","service":"cloud-router"}
{"domainId":99999,"level":"info","message":"Starting DNS sync for domain","service":"cloud-router"}
{"domainId":99999,"errors":["Sync failed: Error: Domain with ID 99999 not found"],"level":"error","message":"DNS sync failed","service":"cloud-router"}
{"level":"info","message":"Attempting to add domain:","name":"delete.example.com","service":"cloud-router"}
{"error":"Failed to create hosted zone: Error: Failed to create hosted zone for delete.example.com: ExpiredToken: The security token included in the request is expired","level":"error","message":"Failed to create hosted zone","name":"delete.example.com","service":"cloud-router"}
{"level":"info","message":"Attempting to add domain:","name":"test.example.com","service":"cloud-router"}
{"error":"Failed to create hosted zone: Error: Failed to create hosted zone for test.example.com: ExpiredToken: The security token included in the request is expired","level":"error","message":"Failed to create hosted zone","name":"test.example.com","service":"cloud-router"}
{"level":"info","message":"Attempting to add domain:","name":"invalid-domain-name","service":"cloud-router"}
{"error":"Domain must have at least one subdomain","level":"error","message":"Failed to create hosted zone","name":"invalid-domain-name","service":"cloud-router"}
{"level":"info","message":"Attempting to add domain:","name":"duplicate.example.com","service":"cloud-router"}
{"error":"Failed to create hosted zone: Error: Failed to create hosted zone for duplicate.example.com: ExpiredToken: The security token included in the request is expired","level":"error","message":"Failed to create hosted zone","name":"duplicate.example.com","service":"cloud-router"}
{"level":"info","message":"Attempting to add domain:","name":"details.example.com","service":"cloud-router"}
{"error":"Failed to create hosted zone: Error: Failed to create hosted zone for details.example.com: ExpiredToken: The security token included in the request is expired","level":"error","message":"Failed to create hosted zone","name":"details.example.com","service":"cloud-router"}
{"level":"info","message":"Attempting to add domain:","name":"sync.example.com","service":"cloud-router"}
{"error":"Failed to create hosted zone: Error: Failed to create hosted zone for sync.example.com: ExpiredToken: The security token included in the request is expired","level":"error","message":"Failed to create hosted zone","name":"sync.example.com","service":"cloud-router"}
{"domainId":99999,"level":"info","message":"Starting DNS sync for domain","service":"cloud-router"}
{"domainId":99999,"errors":["Sync failed: Error: Domain with ID 99999 not found"],"level":"error","message":"DNS sync failed","service":"cloud-router"}
{"level":"info","message":"Attempting to add domain:","name":"delete.example.com","service":"cloud-router"}
{"error":"Failed to create hosted zone: Error: Failed to create hosted zone for delete.example.com: ExpiredToken: The security token included in the request is expired","level":"error","message":"Failed to create hosted zone","name":"delete.example.com","service":"cloud-router"}
